{"/Users/carlosortegon/codechallenge/pizzabot/pizzabot.js": {"path":"/Users/carlosortegon/codechallenge/pizzabot/pizzabot.js","all":false,"statementMap":{"0":{"start":{"line":1,"column":0},"end":{"line":1,"column":3}},"1":{"start":{"line":2,"column":0},"end":{"line":2,"column":61}},"2":{"start":{"line":3,"column":0},"end":{"line":3,"column":82}},"3":{"start":{"line":4,"column":0},"end":{"line":4,"column":48}},"4":{"start":{"line":5,"column":0},"end":{"line":5,"column":3}},"5":{"start":{"line":6,"column":0},"end":{"line":6,"column":82}},"6":{"start":{"line":7,"column":0},"end":{"line":7,"column":3}},"7":{"start":{"line":8,"column":0},"end":{"line":8,"column":71}},"8":{"start":{"line":9,"column":0},"end":{"line":9,"column":53}},"9":{"start":{"line":10,"column":0},"end":{"line":10,"column":3}},"10":{"start":{"line":11,"column":0},"end":{"line":11,"column":0}},"11":{"start":{"line":12,"column":0},"end":{"line":12,"column":21}},"12":{"start":{"line":13,"column":0},"end":{"line":13,"column":22}},"13":{"start":{"line":14,"column":0},"end":{"line":14,"column":61}},"14":{"start":{"line":15,"column":0},"end":{"line":15,"column":76}},"15":{"start":{"line":16,"column":0},"end":{"line":16,"column":37}},"16":{"start":{"line":17,"column":0},"end":{"line":17,"column":28}},"17":{"start":{"line":18,"column":0},"end":{"line":18,"column":5}},"18":{"start":{"line":19,"column":0},"end":{"line":19,"column":0}},"19":{"start":{"line":20,"column":0},"end":{"line":20,"column":4}},"20":{"start":{"line":21,"column":0},"end":{"line":21,"column":33}},"21":{"start":{"line":22,"column":0},"end":{"line":22,"column":30}},"22":{"start":{"line":23,"column":0},"end":{"line":23,"column":13}},"23":{"start":{"line":24,"column":0},"end":{"line":24,"column":45}},"24":{"start":{"line":25,"column":0},"end":{"line":25,"column":86}},"25":{"start":{"line":26,"column":0},"end":{"line":26,"column":59}},"26":{"start":{"line":27,"column":0},"end":{"line":27,"column":42}},"27":{"start":{"line":28,"column":0},"end":{"line":28,"column":135}},"28":{"start":{"line":29,"column":0},"end":{"line":29,"column":13}},"29":{"start":{"line":30,"column":0},"end":{"line":30,"column":16}},"30":{"start":{"line":31,"column":0},"end":{"line":31,"column":62}},"31":{"start":{"line":32,"column":0},"end":{"line":32,"column":62}},"32":{"start":{"line":33,"column":0},"end":{"line":33,"column":50}},"33":{"start":{"line":34,"column":0},"end":{"line":34,"column":47}},"34":{"start":{"line":35,"column":0},"end":{"line":35,"column":19}},"35":{"start":{"line":36,"column":0},"end":{"line":36,"column":95}},"36":{"start":{"line":37,"column":0},"end":{"line":37,"column":17}},"37":{"start":{"line":38,"column":0},"end":{"line":38,"column":77}},"38":{"start":{"line":39,"column":0},"end":{"line":39,"column":29}},"39":{"start":{"line":40,"column":0},"end":{"line":40,"column":21}},"40":{"start":{"line":41,"column":0},"end":{"line":41,"column":102}},"41":{"start":{"line":42,"column":0},"end":{"line":42,"column":27}},"42":{"start":{"line":43,"column":0},"end":{"line":43,"column":9}},"43":{"start":{"line":44,"column":0},"end":{"line":44,"column":5}},"44":{"start":{"line":45,"column":0},"end":{"line":45,"column":0}},"45":{"start":{"line":46,"column":0},"end":{"line":46,"column":49}},"46":{"start":{"line":47,"column":0},"end":{"line":47,"column":13}},"47":{"start":{"line":48,"column":0},"end":{"line":48,"column":30}},"48":{"start":{"line":49,"column":0},"end":{"line":49,"column":180}},"49":{"start":{"line":50,"column":0},"end":{"line":50,"column":40}},"50":{"start":{"line":51,"column":0},"end":{"line":51,"column":45}},"51":{"start":{"line":52,"column":0},"end":{"line":52,"column":104}},"52":{"start":{"line":53,"column":0},"end":{"line":53,"column":54}},"53":{"start":{"line":54,"column":0},"end":{"line":54,"column":37}},"54":{"start":{"line":55,"column":0},"end":{"line":55,"column":68}},"55":{"start":{"line":56,"column":0},"end":{"line":56,"column":17}},"56":{"start":{"line":57,"column":0},"end":{"line":57,"column":25}},"57":{"start":{"line":58,"column":0},"end":{"line":58,"column":26}},"58":{"start":{"line":59,"column":0},"end":{"line":59,"column":41}},"59":{"start":{"line":60,"column":0},"end":{"line":60,"column":86}},"60":{"start":{"line":61,"column":0},"end":{"line":61,"column":39}},"61":{"start":{"line":62,"column":0},"end":{"line":62,"column":124}},"62":{"start":{"line":63,"column":0},"end":{"line":63,"column":17}},"63":{"start":{"line":64,"column":0},"end":{"line":64,"column":24}},"64":{"start":{"line":65,"column":0},"end":{"line":65,"column":20}},"65":{"start":{"line":66,"column":0},"end":{"line":66,"column":59}},"66":{"start":{"line":67,"column":0},"end":{"line":67,"column":59}},"67":{"start":{"line":68,"column":0},"end":{"line":68,"column":47}},"68":{"start":{"line":69,"column":0},"end":{"line":69,"column":44}},"69":{"start":{"line":70,"column":0},"end":{"line":70,"column":20}},"70":{"start":{"line":71,"column":0},"end":{"line":71,"column":23}},"71":{"start":{"line":72,"column":0},"end":{"line":72,"column":119}},"72":{"start":{"line":73,"column":0},"end":{"line":73,"column":21}},"73":{"start":{"line":74,"column":0},"end":{"line":74,"column":161}},"74":{"start":{"line":75,"column":0},"end":{"line":75,"column":65}},"75":{"start":{"line":76,"column":0},"end":{"line":76,"column":13}},"76":{"start":{"line":77,"column":0},"end":{"line":77,"column":24}},"77":{"start":{"line":78,"column":0},"end":{"line":78,"column":22}},"78":{"start":{"line":79,"column":0},"end":{"line":79,"column":40}},"79":{"start":{"line":80,"column":0},"end":{"line":80,"column":27}},"80":{"start":{"line":81,"column":0},"end":{"line":81,"column":9}},"81":{"start":{"line":82,"column":0},"end":{"line":82,"column":0}},"82":{"start":{"line":83,"column":0},"end":{"line":83,"column":5}},"83":{"start":{"line":84,"column":0},"end":{"line":84,"column":0}},"84":{"start":{"line":85,"column":0},"end":{"line":85,"column":24}},"85":{"start":{"line":86,"column":0},"end":{"line":86,"column":25}},"86":{"start":{"line":87,"column":0},"end":{"line":87,"column":31}},"87":{"start":{"line":88,"column":0},"end":{"line":88,"column":45}},"88":{"start":{"line":89,"column":0},"end":{"line":89,"column":43}},"89":{"start":{"line":90,"column":0},"end":{"line":90,"column":52}},"90":{"start":{"line":91,"column":0},"end":{"line":91,"column":47}},"91":{"start":{"line":92,"column":0},"end":{"line":92,"column":13}},"92":{"start":{"line":93,"column":0},"end":{"line":93,"column":16}},"93":{"start":{"line":94,"column":0},"end":{"line":94,"column":31}},"94":{"start":{"line":95,"column":0},"end":{"line":95,"column":44}},"95":{"start":{"line":96,"column":0},"end":{"line":96,"column":42}},"96":{"start":{"line":97,"column":0},"end":{"line":97,"column":52}},"97":{"start":{"line":98,"column":0},"end":{"line":98,"column":47}},"98":{"start":{"line":99,"column":0},"end":{"line":99,"column":13}},"99":{"start":{"line":100,"column":0},"end":{"line":100,"column":9}},"100":{"start":{"line":101,"column":0},"end":{"line":101,"column":19}},"101":{"start":{"line":102,"column":0},"end":{"line":102,"column":8}},"102":{"start":{"line":103,"column":0},"end":{"line":103,"column":8}},"103":{"start":{"line":104,"column":0},"end":{"line":104,"column":5}},"104":{"start":{"line":105,"column":0},"end":{"line":105,"column":0}},"105":{"start":{"line":106,"column":0},"end":{"line":106,"column":21}},"106":{"start":{"line":107,"column":0},"end":{"line":107,"column":55}},"107":{"start":{"line":108,"column":0},"end":{"line":108,"column":55}},"108":{"start":{"line":109,"column":0},"end":{"line":109,"column":42}},"109":{"start":{"line":110,"column":0},"end":{"line":110,"column":44}},"110":{"start":{"line":111,"column":0},"end":{"line":111,"column":9}},"111":{"start":{"line":112,"column":0},"end":{"line":112,"column":30}},"112":{"start":{"line":113,"column":0},"end":{"line":113,"column":30}},"113":{"start":{"line":114,"column":0},"end":{"line":114,"column":40}},"114":{"start":{"line":115,"column":0},"end":{"line":115,"column":8}},"115":{"start":{"line":116,"column":0},"end":{"line":116,"column":5}},"116":{"start":{"line":117,"column":0},"end":{"line":117,"column":0}},"117":{"start":{"line":118,"column":0},"end":{"line":118,"column":25}},"118":{"start":{"line":119,"column":0},"end":{"line":119,"column":8}},"119":{"start":{"line":120,"column":0},"end":{"line":120,"column":37}},"120":{"start":{"line":121,"column":0},"end":{"line":121,"column":33}},"121":{"start":{"line":122,"column":0},"end":{"line":122,"column":9}},"122":{"start":{"line":123,"column":0},"end":{"line":123,"column":39}},"123":{"start":{"line":124,"column":0},"end":{"line":124,"column":4}},"124":{"start":{"line":125,"column":0},"end":{"line":125,"column":5}},"125":{"start":{"line":126,"column":0},"end":{"line":126,"column":0}},"126":{"start":{"line":127,"column":0},"end":{"line":127,"column":0}},"127":{"start":{"line":128,"column":0},"end":{"line":128,"column":1}},"128":{"start":{"line":129,"column":0},"end":{"line":129,"column":0}},"129":{"start":{"line":130,"column":0},"end":{"line":130,"column":30}}},"s":{"0":1,"1":1,"2":1,"3":1,"4":1,"5":1,"6":1,"7":1,"8":1,"9":1,"10":1,"11":1,"12":1,"13":8,"14":8,"15":8,"16":8,"17":8,"18":1,"19":1,"20":1,"21":8,"22":8,"23":8,"24":8,"25":8,"26":8,"27":1,"28":1,"29":8,"30":8,"31":6,"32":6,"33":8,"34":8,"35":1,"36":1,"37":8,"38":8,"39":8,"40":3,"41":3,"42":3,"43":8,"44":1,"45":1,"46":5,"47":5,"48":5,"49":5,"50":5,"51":5,"52":5,"53":15,"54":15,"55":15,"56":4,"57":4,"58":5,"59":12,"60":12,"61":1,"62":1,"63":11,"64":11,"65":11,"66":11,"67":11,"68":12,"69":12,"70":12,"71":1,"72":1,"73":12,"74":12,"75":12,"76":5,"77":5,"78":4,"79":4,"80":4,"81":5,"82":5,"83":1,"84":1,"85":14,"86":7,"87":7,"88":7,"89":7,"90":11,"91":11,"92":7,"93":7,"94":7,"95":7,"96":7,"97":14,"98":14,"99":7,"100":14,"101":14,"102":14,"103":14,"104":1,"105":1,"106":9,"107":9,"108":9,"109":2,"110":2,"111":9,"112":9,"113":9,"114":9,"115":9,"116":1,"117":1,"118":1,"119":1,"120":9,"121":9,"122":1,"123":1,"124":1,"125":1,"126":1,"127":1,"128":1,"129":1},"branchMap":{"0":{"type":"branch","line":13,"loc":{"start":{"line":13,"column":4},"end":{"line":18,"column":5}},"locations":[{"start":{"line":13,"column":4},"end":{"line":18,"column":5}}]},"1":{"type":"branch","line":21,"loc":{"start":{"line":21,"column":11},"end":{"line":44,"column":5}},"locations":[{"start":{"line":21,"column":11},"end":{"line":44,"column":5}}]},"2":{"type":"branch","line":25,"loc":{"start":{"line":25,"column":22},"end":{"line":25,"column":86}},"locations":[{"start":{"line":25,"column":22},"end":{"line":25,"column":86}}]},"3":{"type":"branch","line":27,"loc":{"start":{"line":27,"column":41},"end":{"line":29,"column":13}},"locations":[{"start":{"line":27,"column":41},"end":{"line":29,"column":13}}]},"4":{"type":"branch","line":31,"loc":{"start":{"line":31,"column":16},"end":{"line":33,"column":22}},"locations":[{"start":{"line":31,"column":16},"end":{"line":33,"column":22}}]},"5":{"type":"branch","line":31,"loc":{"start":{"line":31,"column":16},"end":{"line":34,"column":22}},"locations":[{"start":{"line":31,"column":16},"end":{"line":34,"column":22}}]},"6":{"type":"branch","line":35,"loc":{"start":{"line":35,"column":17},"end":{"line":37,"column":17}},"locations":[{"start":{"line":35,"column":17},"end":{"line":37,"column":17}}]},"7":{"type":"branch","line":40,"loc":{"start":{"line":40,"column":9},"end":{"line":43,"column":9}},"locations":[{"start":{"line":40,"column":9},"end":{"line":43,"column":9}}]},"8":{"type":"branch","line":41,"loc":{"start":{"line":41,"column":27},"end":{"line":41,"column":102}},"locations":[{"start":{"line":41,"column":27},"end":{"line":41,"column":102}}]},"9":{"type":"branch","line":46,"loc":{"start":{"line":46,"column":11},"end":{"line":83,"column":5}},"locations":[{"start":{"line":46,"column":11},"end":{"line":83,"column":5}}]},"10":{"type":"branch","line":52,"loc":{"start":{"line":52,"column":26},"end":{"line":52,"column":104}},"locations":[{"start":{"line":52,"column":26},"end":{"line":52,"column":104}}]},"11":{"type":"branch","line":53,"loc":{"start":{"line":53,"column":-1},"end":{"line":53,"column":17}},"locations":[{"start":{"line":53,"column":-1},"end":{"line":53,"column":17}}]},"12":{"type":"branch","line":53,"loc":{"start":{"line":53,"column":53},"end":{"line":56,"column":17}},"locations":[{"start":{"line":53,"column":53},"end":{"line":56,"column":17}}]},"13":{"type":"branch","line":56,"loc":{"start":{"line":56,"column":13},"end":{"line":59,"column":17}},"locations":[{"start":{"line":56,"column":13},"end":{"line":59,"column":17}}]},"14":{"type":"branch","line":59,"loc":{"start":{"line":59,"column":40},"end":{"line":76,"column":13}},"locations":[{"start":{"line":59,"column":40},"end":{"line":76,"column":13}}]},"15":{"type":"branch","line":61,"loc":{"start":{"line":61,"column":38},"end":{"line":63,"column":17}},"locations":[{"start":{"line":61,"column":38},"end":{"line":63,"column":17}}]},"16":{"type":"branch","line":64,"loc":{"start":{"line":64,"column":-1},"end":{"line":67,"column":59}},"locations":[{"start":{"line":64,"column":-1},"end":{"line":67,"column":59}}]},"17":{"type":"branch","line":66,"loc":{"start":{"line":66,"column":20},"end":{"line":68,"column":26}},"locations":[{"start":{"line":66,"column":20},"end":{"line":68,"column":26}}]},"18":{"type":"branch","line":66,"loc":{"start":{"line":66,"column":20},"end":{"line":69,"column":26}},"locations":[{"start":{"line":66,"column":20},"end":{"line":69,"column":26}}]},"19":{"type":"branch","line":71,"loc":{"start":{"line":71,"column":21},"end":{"line":73,"column":21}},"locations":[{"start":{"line":71,"column":21},"end":{"line":73,"column":21}}]},"20":{"type":"branch","line":74,"loc":{"start":{"line":74,"column":-1},"end":{"line":74,"column":24}},"locations":[{"start":{"line":74,"column":-1},"end":{"line":74,"column":24}}]},"21":{"type":"branch","line":74,"loc":{"start":{"line":74,"column":20},"end":{"line":74,"column":64}},"locations":[{"start":{"line":74,"column":20},"end":{"line":74,"column":64}}]},"22":{"type":"branch","line":74,"loc":{"start":{"line":74,"column":68},"end":{"line":74,"column":161}},"locations":[{"start":{"line":74,"column":68},"end":{"line":74,"column":161}}]},"23":{"type":"branch","line":78,"loc":{"start":{"line":78,"column":9},"end":{"line":81,"column":9}},"locations":[{"start":{"line":78,"column":9},"end":{"line":81,"column":9}}]},"24":{"type":"branch","line":85,"loc":{"start":{"line":85,"column":4},"end":{"line":104,"column":5}},"locations":[{"start":{"line":85,"column":4},"end":{"line":104,"column":5}}]},"25":{"type":"branch","line":86,"loc":{"start":{"line":86,"column":24},"end":{"line":100,"column":9}},"locations":[{"start":{"line":86,"column":24},"end":{"line":100,"column":9}}]},"26":{"type":"branch","line":89,"loc":{"start":{"line":89,"column":24},"end":{"line":89,"column":43}},"locations":[{"start":{"line":89,"column":24},"end":{"line":89,"column":43}}]},"27":{"type":"branch","line":90,"loc":{"start":{"line":90,"column":51},"end":{"line":92,"column":13}},"locations":[{"start":{"line":90,"column":51},"end":{"line":92,"column":13}}]},"28":{"type":"branch","line":96,"loc":{"start":{"line":96,"column":24},"end":{"line":96,"column":42}},"locations":[{"start":{"line":96,"column":24},"end":{"line":96,"column":42}}]},"29":{"type":"branch","line":97,"loc":{"start":{"line":97,"column":51},"end":{"line":99,"column":13}},"locations":[{"start":{"line":97,"column":51},"end":{"line":99,"column":13}}]},"30":{"type":"branch","line":106,"loc":{"start":{"line":106,"column":4},"end":{"line":116,"column":5}},"locations":[{"start":{"line":106,"column":4},"end":{"line":116,"column":5}}]},"31":{"type":"branch","line":109,"loc":{"start":{"line":109,"column":12},"end":{"line":109,"column":41}},"locations":[{"start":{"line":109,"column":12},"end":{"line":109,"column":41}}]},"32":{"type":"branch","line":109,"loc":{"start":{"line":109,"column":41},"end":{"line":111,"column":9}},"locations":[{"start":{"line":109,"column":41},"end":{"line":111,"column":9}}]},"33":{"type":"branch","line":118,"loc":{"start":{"line":118,"column":4},"end":{"line":125,"column":5}},"locations":[{"start":{"line":118,"column":4},"end":{"line":125,"column":5}}]},"34":{"type":"branch","line":120,"loc":{"start":{"line":120,"column":36},"end":{"line":122,"column":9}},"locations":[{"start":{"line":120,"column":36},"end":{"line":122,"column":9}}]}},"b":{"0":[8],"1":[8],"2":[1],"3":[1],"4":[6],"5":[6],"6":[1],"7":[3],"8":[0],"9":[5],"10":[1],"11":[4],"12":[15],"13":[4],"14":[12],"15":[1],"16":[11],"17":[11],"18":[11],"19":[1],"20":[10],"21":[9],"22":[1],"23":[4],"24":[14],"25":[7],"26":[3],"27":[11],"28":[2],"29":[14],"30":[9],"31":[3],"32":[2],"33":[1],"34":[9]},"fnMap":{"0":{"name":"PizzaService","decl":{"start":{"line":13,"column":4},"end":{"line":18,"column":5}},"loc":{"start":{"line":13,"column":4},"end":{"line":18,"column":5}},"line":13},"1":{"name":"validate_canvas","decl":{"start":{"line":21,"column":11},"end":{"line":44,"column":5}},"loc":{"start":{"line":21,"column":11},"end":{"line":44,"column":5}},"line":21},"2":{"name":"validate_coordinates","decl":{"start":{"line":46,"column":11},"end":{"line":83,"column":5}},"loc":{"start":{"line":46,"column":11},"end":{"line":83,"column":5}},"line":46},"3":{"name":"move","decl":{"start":{"line":85,"column":4},"end":{"line":104,"column":5}},"loc":{"start":{"line":85,"column":4},"end":{"line":104,"column":5}},"line":85},"4":{"name":"moveToStop","decl":{"start":{"line":106,"column":4},"end":{"line":116,"column":5}},"loc":{"start":{"line":106,"column":4},"end":{"line":116,"column":5}},"line":106},"5":{"name":"iterate_over_stops","decl":{"start":{"line":118,"column":4},"end":{"line":125,"column":5}},"loc":{"start":{"line":118,"column":4},"end":{"line":125,"column":5}},"line":118}},"f":{"0":8,"1":8,"2":5,"3":14,"4":9,"5":1}}
}
