TN:
SF:pizzabot.js
FN:13,PizzaService
FN:21,validate_canvas
FN:46,validate_coordinates
FN:85,move
FN:106,moveToStop
FN:118,iterate_over_stops
FNF:6
FNH:6
FNDA:8,PizzaService
FNDA:8,validate_canvas
FNDA:5,validate_coordinates
FNDA:14,move
FNDA:9,moveToStop
FNDA:1,iterate_over_stops
DA:1,1
DA:2,1
DA:3,1
DA:4,1
DA:5,1
DA:6,1
DA:7,1
DA:8,1
DA:9,1
DA:10,1
DA:11,1
DA:12,1
DA:13,1
DA:14,8
DA:15,8
DA:16,8
DA:17,8
DA:18,8
DA:19,1
DA:20,1
DA:21,1
DA:22,8
DA:23,8
DA:24,8
DA:25,8
DA:26,8
DA:27,8
DA:28,1
DA:29,1
DA:30,8
DA:31,8
DA:32,6
DA:33,6
DA:34,8
DA:35,8
DA:36,1
DA:37,1
DA:38,8
DA:39,8
DA:40,8
DA:41,3
DA:42,3
DA:43,3
DA:44,8
DA:45,1
DA:46,1
DA:47,5
DA:48,5
DA:49,5
DA:50,5
DA:51,5
DA:52,5
DA:53,5
DA:54,15
DA:55,15
DA:56,15
DA:57,4
DA:58,4
DA:59,5
DA:60,12
DA:61,12
DA:62,1
DA:63,1
DA:64,11
DA:65,11
DA:66,11
DA:67,11
DA:68,11
DA:69,12
DA:70,12
DA:71,12
DA:72,1
DA:73,1
DA:74,12
DA:75,12
DA:76,12
DA:77,5
DA:78,5
DA:79,4
DA:80,4
DA:81,4
DA:82,5
DA:83,5
DA:84,1
DA:85,1
DA:86,14
DA:87,7
DA:88,7
DA:89,7
DA:90,7
DA:91,11
DA:92,11
DA:93,7
DA:94,7
DA:95,7
DA:96,7
DA:97,7
DA:98,14
DA:99,14
DA:100,7
DA:101,14
DA:102,14
DA:103,14
DA:104,14
DA:105,1
DA:106,1
DA:107,9
DA:108,9
DA:109,9
DA:110,2
DA:111,2
DA:112,9
DA:113,9
DA:114,9
DA:115,9
DA:116,9
DA:117,1
DA:118,1
DA:119,1
DA:120,1
DA:121,9
DA:122,9
DA:123,1
DA:124,1
DA:125,1
DA:126,1
DA:127,1
DA:128,1
DA:129,1
DA:130,1
LF:130
LH:130
BRDA:13,0,0,8
BRDA:21,1,0,8
BRDA:25,2,0,1
BRDA:27,3,0,1
BRDA:31,4,0,6
BRDA:31,5,0,6
BRDA:35,6,0,1
BRDA:40,7,0,3
BRDA:41,8,0,0
BRDA:46,9,0,5
BRDA:52,10,0,1
BRDA:53,11,0,4
BRDA:53,12,0,15
BRDA:56,13,0,4
BRDA:59,14,0,12
BRDA:61,15,0,1
BRDA:64,16,0,11
BRDA:66,17,0,11
BRDA:66,18,0,11
BRDA:71,19,0,1
BRDA:74,20,0,10
BRDA:74,21,0,9
BRDA:74,22,0,1
BRDA:78,23,0,4
BRDA:85,24,0,14
BRDA:86,25,0,7
BRDA:89,26,0,3
BRDA:90,27,0,11
BRDA:96,28,0,2
BRDA:97,29,0,14
BRDA:106,30,0,9
BRDA:109,31,0,3
BRDA:109,32,0,2
BRDA:118,33,0,1
BRDA:120,34,0,9
BRF:35
BRH:34
end_of_record
